
Showing logs for build [32mcb-kubecd-environment-pr-162-16-qgcrr-1[0m stage [32mfrom-build-pack[0m and container [32mstep-credential-initializer-lg27h[0m
{"level":"warn","ts":1582016941.0135837,"logger":"fallback-logger","caller":"logging/config.go:69","msg":"Fetch GitHub commit ID from kodata failed: \"ref: refs/heads/0.8.0-**-support-backwards-incompats\" is not a valid GitHub commit ID"}
{"level":"info","ts":1582016941.0143514,"logger":"fallback-logger","caller":"creds-init/main.go:40","msg":"Credentials initialized."}

Showing logs for build [32mcb-kubecd-environment-pr-162-16-qgcrr-1[0m stage [32mfrom-build-pack[0m and container [32mstep-working-dir-initializer-qbdpw[0m
{"level":"warn","ts":1582016942.4083092,"logger":"fallback-logger","caller":"logging/config.go:69","msg":"Fetch GitHub commit ID from kodata failed: open /var/run/ko/HEAD: no such file or directory"}
{"level":"info","ts":1582016942.410356,"logger":"fallback-logger","caller":"bash/main.go:64","msg":"Successfully executed command \"sh -c mkdir -p /workspace/source\"; output "}

Showing logs for build [32mcb-kubecd-environment-pr-162-16-qgcrr-1[0m stage [32mfrom-build-pack[0m and container [32mstep-place-tools[0m

Showing logs for build [32mcb-kubecd-environment-pr-162-16-qgcrr-1[0m stage [32mfrom-build-pack[0m and container [32mstep-git-source-cb-kubecd-environment-pr-162-16-qgcrr-h26d5[0m
{"level":"warn","ts":1582016946.4417253,"logger":"fallback-logger","caller":"logging/config.go:69","msg":"Fetch GitHub commit ID from kodata failed: \"ref: refs/heads/0.8.0-**-support-backwards-incompats\" is not a valid GitHub commit ID"}
{"level":"info","ts":1582016947.5805254,"logger":"fallback-logger","caller":"git/git.go:103","msg":"Successfully cloned https://github.com/cb-kubecd/environment-pr-162-16-gke-upgrade-production.git @ master in path /workspace/source"}

Showing logs for build [32mcb-kubecd-environment-pr-162-16-qgcrr-1[0m stage [32mfrom-build-pack[0m and container [32mstep-git-merge[0m
Using SHAs from PULL_REFS=master:0f0cfa353d777a9618ee5317d1a1cb65bb23ef5d,1:415ab1dfecbffcc5a9c5799c9c748a85a74e34a9
DEBUG: JX_LOG_LEVEL=error LC_ALL=C git fetch origin --unshallow 415ab1dfecbffcc5a9c5799c9c748a85a74e34a9: 0f0cfa353d777a9618ee5317d1a1cb65bb23ef5d:
DEBUG: ran git fetch --unshallow origin 415ab1dfecbffcc5a9c5799c9c748a85a74e34a9: 0f0cfa353d777a9618ee5317d1a1cb65bb23ef5d: in 
DEBUG: LC_ALL=C JX_LOG_LEVEL=error git branch
DEBUG: LC_ALL=C JX_LOG_LEVEL=error git checkout master
DEBUG: ran git checkout master in 
DEBUG: LC_ALL=C JX_LOG_LEVEL=error git reset --hard 0f0cfa353d777a9618ee5317d1a1cb65bb23ef5d
DEBUG: ran git reset --hard 0f0cfa353d777a9618ee5317d1a1cb65bb23ef5d in 
DEBUG: JX_LOG_LEVEL=error LC_ALL=C git clean -fd .
DEBUG: ran clean --force -d . in 
DEBUG: LC_ALL=C JX_LOG_LEVEL=error git merge 415ab1dfecbffcc5a9c5799c9c748a85a74e34a9
DEBUG: ran git merge 415ab1dfecbffcc5a9c5799c9c748a85a74e34a9 in 
DEBUG: LC_ALL=C JX_LOG_LEVEL=error git log --format=%H%x1f%an%x1f%ae%x1f%cn%x1f%ce%x1f%s%n%b%x1e 0f0cfa353d777a9618ee5317d1a1cb65bb23ef5d..HEAD
Merged SHA 415ab1dfecbffcc5a9c5799c9c748a85a74e34a9 with commit message 'chore: Promote bdd-spring-1582015467 to version 0.0.1' into base branch master

Showing logs for build [32mcb-kubecd-environment-pr-162-16-qgcrr-1[0m stage [32mfrom-build-pack[0m and container [32mstep-build-helm-build[0m
WARNING: No $CHART_REPOSITORY defined so using the default value of: http://jenkins-x-chartmuseum:8080
Adding missing Helm repo: storage.googleapis.com https://storage.googleapis.com/chartmuseum.jenkins-x.io
WARNING: No secrets found on "helm/repos" due: reading the secret "helm/repos" from vault: no secret "helm/repos" not found in vault
Read credentials for https://storage.googleapis.com/chartmuseum.jenkins-x.io from vault helm/repos
Successfully added Helm repository storage.googleapis.com.
Adding missing Helm repo: jenkins-x-chartmuseum http://jenkins-x-chartmuseum:8080
WARNING: No secrets found on "helm/repos" due: reading the secret "helm/repos" from vault: no secret "helm/repos" not found in vault
Read credentials for http://jenkins-x-chartmuseum:8080 from vault helm/repos
Successfully added Helm repository jenkins-x-chartmuseum.
WARNING: No $CHART_REPOSITORY defined so using the default value of: http://jenkins-x-chartmuseum:8080
Adding missing Helm repo: chartmuseum.jenkins-x.io http://chartmuseum.jenkins-x.io
WARNING: No secrets found on "helm/repos" due: reading the secret "helm/repos" from vault: no secret "helm/repos" not found in vault
Read credentials for http://chartmuseum.jenkins-x.io from vault helm/repos
Successfully added Helm repository chartmuseum.jenkins-x.io.
